<?xml version="1.0" encoding="UTF-8"?>
<!-- Generated by org.testng.reporters.JUnitReportReporter -->
<testsuite hostname="Anwara" name="google.CreatingListOfElement" tests="1" failures="0" timestamp="20 Jan 2015 20:11:47 GMT" time="22.589" errors="0">
  <testcase name="capturingLink" time="22.589" classname="google.CreatingListOfElement"/>
</testsuite> <!-- google.CreatingListOfElement -->
